<?xml version="1.0" encoding="UTF-8"?>
<!-- Generated by org.testng.reporters.JUnitReportReporter -->
<testsuite hostname="DESKTOP-CLT8I1K" failures="0" tests="1" name="tests.SendProductToFriendTest" time="14.952" errors="0" timestamp="21 Jan 2019 15:28:54 GMT" skipped="0">
  <testcase classname="tests.SendProductToFriendTest" name="SendProductToFriend_nigatve" time="14.952"/>
</testsuite> <!-- tests.SendProductToFriendTest -->
