<?xml version="1.0" encoding="UTF-8"?>
<!-- Generated by org.testng.reporters.JUnitReportReporter -->
<testsuite hostname="DESKTOP-CLT8I1K" failures="0" tests="2" name="tests.UserCanSubscripeToNewsLetterNeg" time="5.510" errors="0" timestamp="06 Feb 2019 11:35:21 GMT" skipped="0">
  <testcase classname="tests.UserCanSubscripeToNewsLetterNeg" name="userSubscripeTonewsLetter" time="2.762"/>
  <testcase classname="tests.UserCanSubscripeToNewsLetterNeg" name="userSubscripeTonewsLetter" time="2.748"/>
</testsuite> <!-- tests.UserCanSubscripeToNewsLetterNeg -->
