<?xml version="1.0" encoding="UTF-8"?>
<!-- Generated by org.testng.reporters.JUnitReportReporter -->
<testsuite skipped="1" hostname="MININT-KJIB5K8" name="tests.UserCanLoginTest" tests="1" failures="0" timestamp="08 jul 2019 07:10:54 GMT" time="0.000" errors="0">
  <testcase name="User_Login" time="0.000" classname="tests.UserCanLoginTest">
    <skipped/>
  </testcase> <!-- User_Login -->
</testsuite> <!-- tests.UserCanLoginTest -->
