<?xml version="1.0" encoding="UTF-8"?>
<!-- Generated by org.testng.reporters.JUnitReportReporter -->
<testsuite hostname="DESKTOP-CLT8I1K" failures="0" tests="1" name="tests.UserCanLoginTest" time="6.191" errors="0" timestamp="07 Feb 2019 09:45:35 GMT" skipped="0">
  <testcase classname="tests.UserCanLoginTest" name="User_Login" time="6.191"/>
</testsuite> <!-- tests.UserCanLoginTest -->
