<?xml version="1.0" encoding="UTF-8"?>
<!-- Generated by org.testng.reporters.JUnitReportReporter -->
<testsuite hostname="DESKTOP-CLT8I1K" failures="0" tests="3" name="tests.MyAccountTest" time="11.299" errors="0" timestamp="21 Jan 2019 15:28:54 GMT" skipped="0">
  <testcase classname="tests.MyAccountTest" name="registeredUserCanLoginWithNewPassword" time="5.097"/>
  <testcase classname="tests.MyAccountTest" name="UserCanRegisterSuccessfully" time="3.417"/>
  <testcase classname="tests.MyAccountTest" name="registeredUserCanChangePassword" time="2.785"/>
</testsuite> <!-- tests.MyAccountTest -->
