<?xml version="1.0" encoding="UTF-8"?>
<!-- Generated by org.testng.reporters.JUnitReportReporter -->
<testsuite hostname="DESKTOP-CLT8I1K" failures="0" tests="3" name="tests.UserRegisterationTestPass" time="15.021" errors="0" timestamp="23 Jan 2019 08:53:40 GMT" skipped="0">
  <testcase classname="tests.UserRegisterationTestPass" name="UserCanRegisterSuccessfully" time="4.431"/>
  <testcase classname="tests.UserRegisterationTestPass" name="UserCanRegisterSuccessfully" time="4.966"/>
  <testcase classname="tests.UserRegisterationTestPass" name="UserCanRegisterSuccessfully" time="5.624"/>
</testsuite> <!-- tests.UserRegisterationTestPass -->
