<?xml version="1.0" encoding="UTF-8"?>
<!-- Generated by org.testng.reporters.JUnitReportReporter -->
<testsuite hostname="DESKTOP-CLT8I1K" failures="0" tests="2" name="tests.NewsletterTest" time="3.052" errors="0" timestamp="21 Jan 2019 15:28:54 GMT" skipped="0">
  <testcase classname="tests.NewsletterTest" name="NewsLetterTest" time="3.038"/>
  <testcase classname="tests.NewsletterTest" name="ScrollDownToFooter" time="0.014"/>
</testsuite> <!-- tests.NewsletterTest -->
