<?xml version="1.0" encoding="UTF-8"?>
<!-- Generated by org.testng.reporters.JUnitReportReporter -->
<testsuite hostname="DESKTOP-CLT8I1K" failures="0" tests="1" name="tests.ProductReviewTest" time="4.133" errors="0" timestamp="17 Jan 2019 09:19:39 GMT" skipped="0">
  <testcase classname="tests.ProductReviewTest" name="AddReview" time="4.133"/>
</testsuite> <!-- tests.ProductReviewTest -->
