<?xml version="1.0" encoding="UTF-8"?>
<!-- Generated by org.testng.reporters.JUnitReportReporter -->
<testsuite hostname="DESKTOP-CLT8I1K" failures="0" tests="1" name="tests.UserCanUseFilterBrandInListingPageTest" time="5.052" errors="0" timestamp="06 Feb 2019 11:35:21 GMT" skipped="0">
  <testcase classname="tests.UserCanUseFilterBrandInListingPageTest" name="UserCanFilterByBrand" time="5.052"/>
</testsuite> <!-- tests.UserCanUseFilterBrandInListingPageTest -->
