<?xml version="1.0" encoding="UTF-8"?>
<!-- Generated by org.testng.reporters.JUnitReportReporter -->
<testsuite hostname="DESKTOP-CLT8I1K" failures="0" tests="2" name="tests.UserSearchTest" time="1.972" errors="0" timestamp="23 Jan 2019 08:48:06 GMT" skipped="0">
  <testcase classname="tests.UserSearchTest" name="UserCanSearchSuccessfully" time="1.741"/>
  <testcase classname="tests.UserSearchTest" name="UserCantSearchwithEmptydata" time="0.231"/>
</testsuite> <!-- tests.UserSearchTest -->
