<?xml version="1.0" encoding="UTF-8"?>
<!-- Generated by org.testng.reporters.JUnitReportReporter -->
<testsuite hostname="DESKTOP-CLT8I1K" failures="0" tests="2" name="tests.AddProductFromWishListToshoppingCartTest" time="8.251" errors="0" timestamp="21 Jan 2019 15:28:54 GMT" skipped="0">
  <testcase classname="tests.AddProductFromWishListToshoppingCartTest" name="addProductToWishList" time="4.401"/>
  <testcase classname="tests.AddProductFromWishListToshoppingCartTest" name="moveProductToshoppingCart" time="3.850"/>
</testsuite> <!-- tests.AddProductFromWishListToshoppingCartTest -->
