<?xml version="1.0" encoding="UTF-8"?>
<!-- Generated by org.testng.reporters.JUnitReportReporter -->
<testsuite hostname="DESKTOP-CLT8I1K" failures="0" tests="2" name="tests.AddProductToWishListTest" time="6.616" errors="0" timestamp="21 Jan 2019 15:28:54 GMT" skipped="0">
  <testcase classname="tests.AddProductToWishListTest" name="addProductToWishList" time="4.697"/>
  <testcase classname="tests.AddProductToWishListTest" name="deletefromWishList" time="1.919"/>
</testsuite> <!-- tests.AddProductToWishListTest -->
