<?xml version="1.0" encoding="UTF-8"?>
<!-- Generated by org.testng.reporters.JUnitReportReporter -->
<testsuite hostname="DESKTOP-CLT8I1K" failures="0" tests="2" name="tests.UserCanSubscripeToNewsLetter" time="7.425" errors="0" timestamp="31 Jan 2019 09:21:56 GMT" skipped="0">
  <testcase classname="tests.UserCanSubscripeToNewsLetter" name="userSubscripeTonewsLetter" time="3.571"/>
  <testcase classname="tests.UserCanSubscripeToNewsLetter" name="userSubscripeTonewsLetter" time="3.854"/>
</testsuite> <!-- tests.UserCanSubscripeToNewsLetter -->
