<?xml version="1.0" encoding="UTF-8"?>
<!-- Generated by org.testng.reporters.JUnitReportReporter -->
<testsuite hostname="DESKTOP-CLT8I1K" failures="0" tests="4" name="tests.UserRegisterationTestNegative" time="9.858" errors="0" timestamp="23 Jan 2019 13:47:37 GMT" skipped="0">
  <testcase classname="tests.UserRegisterationTestNegative" name="UserCantRegisterSuccessfully_negative" time="1.989"/>
  <testcase classname="tests.UserRegisterationTestNegative" name="UserCantRegisterSuccessfully_negative" time="3.201"/>
  <testcase classname="tests.UserRegisterationTestNegative" name="UserCantRegisterSuccessfully_negative" time="2.563"/>
  <testcase classname="tests.UserRegisterationTestNegative" name="UserCantRegisterSuccessfully_negative" time="2.105"/>
</testsuite> <!-- tests.UserRegisterationTestNegative -->
